2024-12-21T15:23:31.131515Z 0 [Warning] [MY-010097] [Server] Insecure configuration for --secure-file-priv: Current value does not restrict location of generated files. Consider setting it to a valid, non-empty path.
2024-12-21T15:23:31.131647Z 0 [Warning] [MY-010918] [Server] 'default_authentication_plugin' is deprecated and will be removed in a future release. Please use authentication_policy instead.
2024-12-21T15:23:31.131713Z 0 [System] [MY-010116] [Server] C:\laragon\bin\mysql\mysql-8.0.30-winx64\bin\mysqld (mysqld 8.0.30) starting as process 31064
2024-12-21T15:23:31.193882Z 1 [System] [MY-013576] [InnoDB] InnoDB initialization has started.
2024-12-21T15:23:31.571027Z 1 [System] [MY-013577] [InnoDB] InnoDB initialization has ended.
2024-12-21T15:23:32.312180Z 0 [Warning] [MY-013829] [Server] Missing data directory for ICU regular expressions: C:\laragon\bin\mysql\mysql-8.0.30-winx64\lib\private\.
2024-12-21T15:23:32.317972Z 0 [Warning] [MY-010068] [Server] CA certificate ca.pem is self signed.
2024-12-21T15:23:32.318526Z 0 [System] [MY-013602] [Server] Channel mysql_main configured to support TLS. Encrypted connections are now supported for this channel.
2024-12-21T15:23:32.384174Z 0 [System] [MY-011323] [Server] X Plugin ready for connections. Bind-address: '::' port: 33060
2024-12-21T15:23:32.384538Z 0 [System] [MY-010931] [Server] C:\laragon\bin\mysql\mysql-8.0.30-winx64\bin\mysqld: ready for connections. Version: '8.0.30'  socket: ''  port: 3306  MySQL Community Server - GPL.
2024-12-21T15:24:14.218235Z 8 [System] [MY-013172] [Server] Received SHUTDOWN from user root. Shutting down mysqld (Version: 8.0.30).
2024-12-21T15:24:14.219050Z 0 [System] [MY-013105] [Server] C:\laragon\bin\mysql\mysql-8.0.30-winx64\bin\mysqld: Normal shutdown.
2024-12-21T15:24:14.544136Z 0 [System] [MY-010910] [Server] C:\laragon\bin\mysql\mysql-8.0.30-winx64\bin\mysqld: Shutdown complete (mysqld 8.0.30)  MySQL Community Server - GPL.
2024-12-21T15:25:14.366623Z 0 [Warning] [MY-010097] [Server] Insecure configuration for --secure-file-priv: Current value does not restrict location of generated files. Consider setting it to a valid, non-empty path.
2024-12-21T15:25:14.366709Z 0 [Warning] [MY-010918] [Server] 'default_authentication_plugin' is deprecated and will be removed in a future release. Please use authentication_policy instead.
2024-12-21T15:25:14.366776Z 0 [System] [MY-010116] [Server] C:\laragon\bin\mysql\mysql-8.0.30-winx64\bin\mysqld (mysqld 8.0.30) starting as process 15504
2024-12-21T15:25:14.419804Z 1 [System] [MY-013576] [InnoDB] InnoDB initialization has started.
2024-12-21T15:25:14.842531Z 1 [System] [MY-013577] [InnoDB] InnoDB initialization has ended.
2024-12-21T15:25:15.563974Z 0 [Warning] [MY-013829] [Server] Missing data directory for ICU regular expressions: C:\laragon\bin\mysql\mysql-8.0.30-winx64\lib\private\.
2024-12-21T15:25:15.570047Z 0 [Warning] [MY-010068] [Server] CA certificate ca.pem is self signed.
2024-12-21T15:25:15.570708Z 0 [System] [MY-013602] [Server] Channel mysql_main configured to support TLS. Encrypted connections are now supported for this channel.
2024-12-21T15:25:15.631027Z 0 [System] [MY-011323] [Server] X Plugin ready for connections. Bind-address: '::' port: 33060
2024-12-21T15:25:15.631190Z 0 [System] [MY-010931] [Server] C:\laragon\bin\mysql\mysql-8.0.30-winx64\bin\mysqld: ready for connections. Version: '8.0.30'  socket: ''  port: 3306  MySQL Community Server - GPL.
2024-12-21T15:25:29.728107Z 8 [System] [MY-013172] [Server] Received SHUTDOWN from user root. Shutting down mysqld (Version: 8.0.30).
2024-12-21T15:25:29.729129Z 0 [System] [MY-013105] [Server] C:\laragon\bin\mysql\mysql-8.0.30-winx64\bin\mysqld: Normal shutdown.
2024-12-21T15:25:30.592380Z 0 [System] [MY-010910] [Server] C:\laragon\bin\mysql\mysql-8.0.30-winx64\bin\mysqld: Shutdown complete (mysqld 8.0.30)  MySQL Community Server - GPL.
2024-12-21T15:25:34.812622Z 0 [Warning] [MY-010097] [Server] Insecure configuration for --secure-file-priv: Current value does not restrict location of generated files. Consider setting it to a valid, non-empty path.
2024-12-21T15:25:34.812708Z 0 [Warning] [MY-010918] [Server] 'default_authentication_plugin' is deprecated and will be removed in a future release. Please use authentication_policy instead.
2024-12-21T15:25:34.812756Z 0 [System] [MY-010116] [Server] C:\laragon\bin\mysql\mysql-8.0.30-winx64\bin\mysqld (mysqld 8.0.30) starting as process 26356
2024-12-21T15:25:34.867382Z 1 [System] [MY-013576] [InnoDB] InnoDB initialization has started.
2024-12-21T15:25:35.298920Z 1 [System] [MY-013577] [InnoDB] InnoDB initialization has ended.
2024-12-21T15:25:36.163690Z 0 [Warning] [MY-013829] [Server] Missing data directory for ICU regular expressions: C:\laragon\bin\mysql\mysql-8.0.30-winx64\lib\private\.
2024-12-21T15:25:36.169762Z 0 [Warning] [MY-010068] [Server] CA certificate ca.pem is self signed.
2024-12-21T15:25:36.170323Z 0 [System] [MY-013602] [Server] Channel mysql_main configured to support TLS. Encrypted connections are now supported for this channel.
2024-12-21T15:25:36.236754Z 0 [System] [MY-011323] [Server] X Plugin ready for connections. Bind-address: '::' port: 33060
2024-12-21T15:25:36.237109Z 0 [System] [MY-010931] [Server] C:\laragon\bin\mysql\mysql-8.0.30-winx64\bin\mysqld: ready for connections. Version: '8.0.30'  socket: ''  port: 3306  MySQL Community Server - GPL.
2024-12-24T04:28:59.676472Z 0 [Warning] [MY-010097] [Server] Insecure configuration for --secure-file-priv: Current value does not restrict location of generated files. Consider setting it to a valid, non-empty path.
2024-12-24T04:28:59.678421Z 0 [Warning] [MY-010918] [Server] 'default_authentication_plugin' is deprecated and will be removed in a future release. Please use authentication_policy instead.
2024-12-24T04:28:59.678511Z 0 [System] [MY-010116] [Server] C:\laragon\bin\mysql\mysql-8.0.30-winx64\bin\mysqld (mysqld 8.0.30) starting as process 1736
2024-12-24T04:28:59.845474Z 1 [System] [MY-013576] [InnoDB] InnoDB initialization has started.
2024-12-24T04:29:01.110670Z 1 [System] [MY-013577] [InnoDB] InnoDB initialization has ended.
2024-12-24T04:29:01.887304Z 0 [System] [MY-010229] [Server] Starting XA crash recovery...
2024-12-24T04:29:01.893359Z 0 [System] [MY-010232] [Server] XA crash recovery finished.
2024-12-24T04:29:01.978346Z 0 [Warning] [MY-013829] [Server] Missing data directory for ICU regular expressions: C:\laragon\bin\mysql\mysql-8.0.30-winx64\lib\private\.
2024-12-24T04:29:02.070198Z 0 [Warning] [MY-010068] [Server] CA certificate ca.pem is self signed.
2024-12-24T04:29:02.071114Z 0 [System] [MY-013602] [Server] Channel mysql_main configured to support TLS. Encrypted connections are now supported for this channel.
2024-12-24T04:29:02.274725Z 0 [System] [MY-011323] [Server] X Plugin ready for connections. Bind-address: '::' port: 33060
2024-12-24T04:29:02.275133Z 0 [System] [MY-010931] [Server] C:\laragon\bin\mysql\mysql-8.0.30-winx64\bin\mysqld: ready for connections. Version: '8.0.30'  socket: ''  port: 3306  MySQL Community Server - GPL.
2024-12-24T04:48:53.957752Z 141 [System] [MY-013172] [Server] Received SHUTDOWN from user root. Shutting down mysqld (Version: 8.0.30).
2024-12-24T04:48:53.958689Z 0 [System] [MY-013105] [Server] C:\laragon\bin\mysql\mysql-8.0.30-winx64\bin\mysqld: Normal shutdown.
2024-12-24T04:48:55.317705Z 0 [System] [MY-010910] [Server] C:\laragon\bin\mysql\mysql-8.0.30-winx64\bin\mysqld: Shutdown complete (mysqld 8.0.30)  MySQL Community Server - GPL.
2024-12-24T04:51:35.739499Z 0 [Warning] [MY-010097] [Server] Insecure configuration for --secure-file-priv: Current value does not restrict location of generated files. Consider setting it to a valid, non-empty path.
2024-12-24T04:51:35.739602Z 0 [Warning] [MY-010918] [Server] 'default_authentication_plugin' is deprecated and will be removed in a future release. Please use authentication_policy instead.
2024-12-24T04:51:35.739662Z 0 [System] [MY-010116] [Server] C:\laragon\bin\mysql\mysql-8.0.30-winx64\bin\mysqld (mysqld 8.0.30) starting as process 14264
2024-12-24T04:51:35.834034Z 1 [System] [MY-013576] [InnoDB] InnoDB initialization has started.
2024-12-24T04:51:36.452001Z 1 [System] [MY-013577] [InnoDB] InnoDB initialization has ended.
2024-12-24T04:51:37.906519Z 0 [Warning] [MY-013829] [Server] Missing data directory for ICU regular expressions: C:\laragon\bin\mysql\mysql-8.0.30-winx64\lib\private\.
2024-12-24T04:51:37.976783Z 0 [Warning] [MY-010068] [Server] CA certificate ca.pem is self signed.
2024-12-24T04:51:37.977483Z 0 [System] [MY-013602] [Server] Channel mysql_main configured to support TLS. Encrypted connections are now supported for this channel.
2024-12-24T04:51:38.127230Z 0 [System] [MY-011323] [Server] X Plugin ready for connections. Bind-address: '::' port: 33060
2024-12-24T04:51:38.127626Z 0 [System] [MY-010931] [Server] C:\laragon\bin\mysql\mysql-8.0.30-winx64\bin\mysqld: ready for connections. Version: '8.0.30'  socket: ''  port: 3306  MySQL Community Server - GPL.
2024-12-24T04:51:54.374192Z 8 [System] [MY-013172] [Server] Received SHUTDOWN from user root. Shutting down mysqld (Version: 8.0.30).
2024-12-24T04:51:54.374798Z 0 [System] [MY-013105] [Server] C:\laragon\bin\mysql\mysql-8.0.30-winx64\bin\mysqld: Normal shutdown.
2024-12-24T04:51:54.728659Z 0 [System] [MY-010910] [Server] C:\laragon\bin\mysql\mysql-8.0.30-winx64\bin\mysqld: Shutdown complete (mysqld 8.0.30)  MySQL Community Server - GPL.
2024-12-24T04:52:01.251846Z 0 [Warning] [MY-010097] [Server] Insecure configuration for --secure-file-priv: Current value does not restrict location of generated files. Consider setting it to a valid, non-empty path.
2024-12-24T04:52:01.251919Z 0 [Warning] [MY-010918] [Server] 'default_authentication_plugin' is deprecated and will be removed in a future release. Please use authentication_policy instead.
2024-12-24T04:52:01.251960Z 0 [System] [MY-010116] [Server] C:\laragon\bin\mysql\mysql-8.0.30-winx64\bin\mysqld (mysqld 8.0.30) starting as process 16448
2024-12-24T04:52:01.312045Z 1 [System] [MY-013576] [InnoDB] InnoDB initialization has started.
2024-12-24T04:52:01.597015Z 1 [System] [MY-013577] [InnoDB] InnoDB initialization has ended.
2024-12-24T04:52:02.221249Z 0 [Warning] [MY-013829] [Server] Missing data directory for ICU regular expressions: C:\laragon\bin\mysql\mysql-8.0.30-winx64\lib\private\.
2024-12-24T04:52:02.227536Z 0 [Warning] [MY-010068] [Server] CA certificate ca.pem is self signed.
2024-12-24T04:52:02.228080Z 0 [System] [MY-013602] [Server] Channel mysql_main configured to support TLS. Encrypted connections are now supported for this channel.
2024-12-24T04:52:02.355982Z 0 [System] [MY-011323] [Server] X Plugin ready for connections. Bind-address: '::' port: 33060
2024-12-24T04:52:02.356252Z 0 [System] [MY-010931] [Server] C:\laragon\bin\mysql\mysql-8.0.30-winx64\bin\mysqld: ready for connections. Version: '8.0.30'  socket: ''  port: 3306  MySQL Community Server - GPL.
2024-12-24T14:23:25.288867Z 0 [Warning] [MY-010097] [Server] Insecure configuration for --secure-file-priv: Current value does not restrict location of generated files. Consider setting it to a valid, non-empty path.
2024-12-24T14:23:25.289356Z 0 [Warning] [MY-010918] [Server] 'default_authentication_plugin' is deprecated and will be removed in a future release. Please use authentication_policy instead.
2024-12-24T14:23:25.289418Z 0 [System] [MY-010116] [Server] C:\laragon\bin\mysql\mysql-8.0.30-winx64\bin\mysqld (mysqld 8.0.30) starting as process 22696
2024-12-24T14:23:25.397985Z 1 [System] [MY-013576] [InnoDB] InnoDB initialization has started.
2024-12-24T14:23:26.431949Z 1 [System] [MY-013577] [InnoDB] InnoDB initialization has ended.
2024-12-24T14:23:27.091664Z 0 [System] [MY-010229] [Server] Starting XA crash recovery...
2024-12-24T14:23:27.100490Z 0 [System] [MY-010232] [Server] XA crash recovery finished.
2024-12-24T14:23:27.176373Z 0 [Warning] [MY-013829] [Server] Missing data directory for ICU regular expressions: C:\laragon\bin\mysql\mysql-8.0.30-winx64\lib\private\.
2024-12-24T14:23:27.242629Z 0 [Warning] [MY-010068] [Server] CA certificate ca.pem is self signed.
2024-12-24T14:23:27.243337Z 0 [System] [MY-013602] [Server] Channel mysql_main configured to support TLS. Encrypted connections are now supported for this channel.
2024-12-24T14:23:27.401735Z 0 [System] [MY-011323] [Server] X Plugin ready for connections. Bind-address: '::' port: 33060
2024-12-24T14:23:27.402167Z 0 [System] [MY-010931] [Server] C:\laragon\bin\mysql\mysql-8.0.30-winx64\bin\mysqld: ready for connections. Version: '8.0.30'  socket: ''  port: 3306  MySQL Community Server - GPL.
2024-12-24T17:06:17.654886Z 74 [System] [MY-013172] [Server] Received SHUTDOWN from user root. Shutting down mysqld (Version: 8.0.30).
2024-12-24T17:06:17.670370Z 0 [System] [MY-013105] [Server] C:\laragon\bin\mysql\mysql-8.0.30-winx64\bin\mysqld: Normal shutdown.
2024-12-24T17:06:19.258556Z 0 [System] [MY-010910] [Server] C:\laragon\bin\mysql\mysql-8.0.30-winx64\bin\mysqld: Shutdown complete (mysqld 8.0.30)  MySQL Community Server - GPL.
2024-12-24T17:06:50.933311Z 0 [Warning] [MY-010097] [Server] Insecure configuration for --secure-file-priv: Current value does not restrict location of generated files. Consider setting it to a valid, non-empty path.
2024-12-24T17:06:50.933430Z 0 [Warning] [MY-010918] [Server] 'default_authentication_plugin' is deprecated and will be removed in a future release. Please use authentication_policy instead.
2024-12-24T17:06:50.933497Z 0 [System] [MY-010116] [Server] C:\laragon\bin\mysql\mysql-8.0.30-winx64\bin\mysqld (mysqld 8.0.30) starting as process 33992
2024-12-24T17:06:51.095149Z 1 [System] [MY-013576] [InnoDB] InnoDB initialization has started.
2024-12-24T17:06:51.849985Z 1 [System] [MY-013577] [InnoDB] InnoDB initialization has ended.
2024-12-24T17:06:52.682607Z 0 [Warning] [MY-013829] [Server] Missing data directory for ICU regular expressions: C:\laragon\bin\mysql\mysql-8.0.30-winx64\lib\private\.
2024-12-24T17:06:52.739215Z 0 [Warning] [MY-010068] [Server] CA certificate ca.pem is self signed.
2024-12-24T17:06:52.739871Z 0 [System] [MY-013602] [Server] Channel mysql_main configured to support TLS. Encrypted connections are now supported for this channel.
2024-12-24T17:06:52.913705Z 0 [System] [MY-011323] [Server] X Plugin ready for connections. Bind-address: '::' port: 33060
2024-12-24T17:06:52.914059Z 0 [System] [MY-010931] [Server] C:\laragon\bin\mysql\mysql-8.0.30-winx64\bin\mysqld: ready for connections. Version: '8.0.30'  socket: ''  port: 3306  MySQL Community Server - GPL.
2024-12-25T03:50:01.739130Z 0 [Warning] [MY-010097] [Server] Insecure configuration for --secure-file-priv: Current value does not restrict location of generated files. Consider setting it to a valid, non-empty path.
2024-12-25T03:50:01.741501Z 0 [Warning] [MY-010918] [Server] 'default_authentication_plugin' is deprecated and will be removed in a future release. Please use authentication_policy instead.
2024-12-25T03:50:01.741595Z 0 [System] [MY-010116] [Server] C:\laragon\bin\mysql\mysql-8.0.30-winx64\bin\mysqld (mysqld 8.0.30) starting as process 13788
2024-12-25T03:50:01.907469Z 1 [System] [MY-013576] [InnoDB] InnoDB initialization has started.
2024-12-25T03:50:03.185176Z 1 [System] [MY-013577] [InnoDB] InnoDB initialization has ended.
2024-12-25T03:50:03.878680Z 0 [System] [MY-010229] [Server] Starting XA crash recovery...
2024-12-25T03:50:03.885286Z 0 [System] [MY-010232] [Server] XA crash recovery finished.
2024-12-25T03:50:04.010399Z 0 [Warning] [MY-013829] [Server] Missing data directory for ICU regular expressions: C:\laragon\bin\mysql\mysql-8.0.30-winx64\lib\private\.
2024-12-25T03:50:04.101823Z 0 [Warning] [MY-010068] [Server] CA certificate ca.pem is self signed.
2024-12-25T03:50:04.102432Z 0 [System] [MY-013602] [Server] Channel mysql_main configured to support TLS. Encrypted connections are now supported for this channel.
2024-12-25T03:50:04.232183Z 0 [System] [MY-011323] [Server] X Plugin ready for connections. Bind-address: '::' port: 33060
2024-12-25T03:50:04.232356Z 0 [System] [MY-010931] [Server] C:\laragon\bin\mysql\mysql-8.0.30-winx64\bin\mysqld: ready for connections. Version: '8.0.30'  socket: ''  port: 3306  MySQL Community Server - GPL.
